<?xml version="1.0" encoding="UTF-8"?>
<!-- Generated by org.testng.reporters.JUnitXMLReporter -->
<testsuite hostname="RONY-POOJA" ignored="1" name="NopCommerce-PageFact-WEEK15-Pooja" tests="1" failures="0" timestamp="2022-12-13T15:57:08 GMT" time="16.852" errors="0">
  <testcase name="verifyProductAddedToShoppingCartSuccessFully" time="11.37" classname="com.nopcommerce.demo.testsuite.ComputerPageTest"/>
  <testcase name="verifyProductArrangeInAlphaBaticalOrder" time="0.0" classname="com.nopcommerce.demo.testsuite.ComputerPageTest">
    <ignored/>
  </testcase> <!-- verifyProductArrangeInAlphaBaticalOrder -->
</testsuite> <!-- NopCommerce-PageFact-WEEK15-Pooja -->
